2023-01-23 21:31:44,330:INFO:PyCaret Supervised Module
2023-01-23 21:31:44,330:INFO:ML Usecase: regression
2023-01-23 21:31:44,330:INFO:version 2.2.2
2023-01-23 21:31:44,330:INFO:Initializing setup()
2023-01-23 21:31:44,331:INFO:setup(target=Yield_strength, ml_usecase=regression, available_plots={'parameter': 'Hyperparameters', 'residuals': 'Residuals', 'error': 'Prediction Error', 'cooks': 'Cooks Distance', 'rfe': 'Feature Selection', 'learning': 'Learning Curve', 'manifold': 'Manifold Learning', 'vc': 'Validation Curve', 'feature': 'Feature Importance', 'feature_all': 'Feature Importance (All)', 'tree': 'Decision Tree'}, train_size=0.8, test_data=None, preprocess=True, imputation_type=iterative, iterative_imputation_iters=5, categorical_features=None, categorical_imputation=constant, categorical_iterative_imputer=lightgbm, ordinal_features=None, high_cardinality_features=None, high_cardinality_method=frequency, numeric_features=None, numeric_imputation=mean, numeric_iterative_imputer=lightgbm, date_features=None, ignore_features=None, normalize=True, normalize_method=zscore, transformation=False, transformation_method=yeo-johnson, handle_unknown_categorical=True, unknown_categorical_method=least_frequent, pca=True, pca_method=kernel, pca_components=None, ignore_low_variance=True, combine_rare_levels=True, rare_level_threshold=0.1, bin_numeric_features=None, remove_outliers=True, outliers_threshold=0.05, remove_multicollinearity=False, multicollinearity_threshold=0.9, remove_perfect_collinearity=True, create_clusters=False, cluster_iter=20, polynomial_features=False, polynomial_degree=2, trigonometry_features=False, polynomial_threshold=0.1, group_features=None, group_names=None, feature_selection=False, feature_selection_threshold=0.8, feature_selection_method=classic, feature_interaction=False, feature_ratio=False, interaction_threshold=0.01, fix_imbalance=False, fix_imbalance_method=None, transform_target=False, transform_target_method=box-cox, data_split_shuffle=True, data_split_stratify=False, fold_strategy=kfold, fold=10, fold_shuffle=True, fold_groups=None, n_jobs=-1, use_gpu=False, custom_pipeline=None, html=True, session_id=2, log_experiment=False, experiment_name=None, log_plots=False, log_profile=False, log_data=False, silent=False, verbose=True, profile=False, profile_kwargs=None, display=None)
2023-01-23 21:31:44,331:INFO:Checking environment
2023-01-23 21:31:44,331:INFO:python_version: 3.9.7
2023-01-23 21:31:44,331:INFO:python_build: ('default', 'Sep 16 2021 08:50:36')
2023-01-23 21:31:44,331:INFO:machine: x86_64
2023-01-23 21:31:44,331:INFO:platform: macOS-10.16-x86_64-i386-64bit
2023-01-23 21:31:44,331:INFO:Memory: svmem(total=17179869184, available=5985394688, percent=65.2, used=9408704512, free=18923520, active=5970821120, inactive=5925359616, wired=3437883392)
2023-01-23 21:31:44,331:INFO:Physical Core: 4
2023-01-23 21:31:44,331:INFO:Logical Core: 8
2023-01-23 21:31:44,332:INFO:Checking libraries
2023-01-23 21:31:44,332:INFO:pd==1.3.4
2023-01-23 21:31:44,332:INFO:numpy==1.19.5
2023-01-23 21:31:44,332:INFO:sklearn==0.24.2
2023-01-23 21:31:44,332:INFO:xgboost==1.7.2
2023-01-23 21:31:44,332:INFO:lightgbm==3.3.2
2023-01-23 21:31:44,425:INFO:catboost==1.0.4
2023-01-23 21:31:44,987:INFO:mlflow==1.23.1
2023-01-23 21:31:44,987:INFO:Checking Exceptions
2023-01-23 21:31:44,988:INFO:Declaring global variables
2023-01-23 21:31:44,988:INFO:USI: 8e36
2023-01-23 21:31:44,988:INFO:pycaret_globals: {'pycaret_globals', 'transform_target_param', 'data_before_preprocess', 'stratify_param', 'transform_target_method_param', 'y', 'imputation_regressor', 'imputation_classifier', 'fold_generator', 'exp_name_log', 'fold_groups_param', '_ml_usecase', 'fix_imbalance_method_param', 'fold_shuffle_param', 'display_container', 'fix_imbalance_param', 'logging_param', 'fold_param', 'USI', '_internal_pipeline', '_gpu_n_jobs_param', '_all_metrics', 'create_model_container', 'target_param', 'iterative_imputation_iters_param', 'master_model_container', 'X_train', 'y_train', '_all_models_internal', 'seed', '_available_plots', 'prep_pipe', 'html_param', 'X', 'y_test', 'log_plots_param', 'n_jobs_param', 'X_test', '_all_models', 'experiment__', 'gpu_param'}
2023-01-23 21:31:44,989:INFO:Preparing display monitor
2023-01-23 21:31:44,989:INFO:Preparing display monitor
2023-01-23 21:31:45,006:INFO:Importing libraries
2023-01-23 21:31:45,007:INFO:Copying data for preprocessing
2023-01-23 21:31:45,040:INFO:Declaring preprocessing parameters
2023-01-23 21:31:45,077:INFO:Setting up iterative imputation
2023-01-23 21:31:45,414:INFO:Creating preprocessing pipeline
2023-01-23 21:31:45,606:INFO:Preprocessing pipeline created successfully
2023-01-23 21:31:45,606:ERROR:(Process Exit): setup has been interupted with user command 'quit'. setup must rerun.
2023-01-23 21:31:45,607:INFO:Creating global containers
2023-01-23 21:31:45,608:INFO:Internal pipeline: Pipeline(memory=None, steps=[('empty_step', 'passthrough')], verbose=False)
2023-01-23 21:55:27,118:INFO:PyCaret Supervised Module
2023-01-23 21:55:27,119:INFO:ML Usecase: regression
2023-01-23 21:55:27,119:INFO:version 2.2.2
2023-01-23 21:55:27,119:INFO:Initializing setup()
2023-01-23 21:55:27,119:INFO:setup(target=Yield_strength, ml_usecase=regression, available_plots={'parameter': 'Hyperparameters', 'residuals': 'Residuals', 'error': 'Prediction Error', 'cooks': 'Cooks Distance', 'rfe': 'Feature Selection', 'learning': 'Learning Curve', 'manifold': 'Manifold Learning', 'vc': 'Validation Curve', 'feature': 'Feature Importance', 'feature_all': 'Feature Importance (All)', 'tree': 'Decision Tree'}, train_size=0.8, test_data=None, preprocess=True, imputation_type=iterative, iterative_imputation_iters=5, categorical_features=None, categorical_imputation=constant, categorical_iterative_imputer=lightgbm, ordinal_features=None, high_cardinality_features=None, high_cardinality_method=frequency, numeric_features=None, numeric_imputation=mean, numeric_iterative_imputer=lightgbm, date_features=None, ignore_features=None, normalize=True, normalize_method=zscore, transformation=False, transformation_method=yeo-johnson, handle_unknown_categorical=True, unknown_categorical_method=least_frequent, pca=True, pca_method=kernel, pca_components=None, ignore_low_variance=True, combine_rare_levels=True, rare_level_threshold=0.1, bin_numeric_features=None, remove_outliers=True, outliers_threshold=0.05, remove_multicollinearity=False, multicollinearity_threshold=0.9, remove_perfect_collinearity=True, create_clusters=False, cluster_iter=20, polynomial_features=False, polynomial_degree=2, trigonometry_features=False, polynomial_threshold=0.1, group_features=None, group_names=None, feature_selection=False, feature_selection_threshold=0.8, feature_selection_method=classic, feature_interaction=False, feature_ratio=False, interaction_threshold=0.01, fix_imbalance=False, fix_imbalance_method=None, transform_target=False, transform_target_method=box-cox, data_split_shuffle=True, data_split_stratify=False, fold_strategy=kfold, fold=10, fold_shuffle=True, fold_groups=None, n_jobs=-1, use_gpu=False, custom_pipeline=None, html=True, session_id=2, log_experiment=False, experiment_name=None, log_plots=False, log_profile=False, log_data=False, silent=False, verbose=True, profile=False, profile_kwargs=None, display=None)
2023-01-23 21:55:27,119:INFO:Checking environment
2023-01-23 21:55:27,119:INFO:python_version: 3.9.7
2023-01-23 21:55:27,120:INFO:python_build: ('default', 'Sep 16 2021 08:50:36')
2023-01-23 21:55:27,120:INFO:machine: x86_64
2023-01-23 21:55:27,120:INFO:platform: macOS-10.16-x86_64-i386-64bit
2023-01-23 21:55:27,120:INFO:Memory: svmem(total=17179869184, available=5957160960, percent=65.3, used=8426500096, free=34172928, active=5926694912, inactive=5865328640, wired=2499805184)
2023-01-23 21:55:27,120:INFO:Physical Core: 4
2023-01-23 21:55:27,121:INFO:Logical Core: 8
2023-01-23 21:55:27,121:INFO:Checking libraries
2023-01-23 21:55:27,121:INFO:pd==1.3.4
2023-01-23 21:55:27,121:INFO:numpy==1.19.5
2023-01-23 21:55:27,121:INFO:sklearn==0.24.2
2023-01-23 21:55:27,121:INFO:xgboost==1.7.2
2023-01-23 21:55:27,121:INFO:lightgbm==3.3.2
2023-01-23 21:55:27,185:INFO:catboost==1.0.4
2023-01-23 21:55:27,753:INFO:mlflow==1.23.1
2023-01-23 21:55:27,753:INFO:Checking Exceptions
2023-01-23 21:55:27,754:INFO:Declaring global variables
2023-01-23 21:55:27,754:INFO:USI: 011b
2023-01-23 21:55:27,754:INFO:pycaret_globals: {'X', 'exp_name_log', 'y_train', 'fold_groups_param', 'gpu_param', '_ml_usecase', '_all_models', 'create_model_container', 'USI', 'y', 'logging_param', '_all_metrics', 'fix_imbalance_method_param', '_available_plots', 'fix_imbalance_param', 'display_container', 'n_jobs_param', 'master_model_container', 'pycaret_globals', 'experiment__', 'iterative_imputation_iters_param', '_all_models_internal', 'prep_pipe', '_gpu_n_jobs_param', 'y_test', 'stratify_param', 'fold_generator', 'seed', 'X_test', '_internal_pipeline', 'imputation_classifier', 'X_train', 'fold_param', 'html_param', 'transform_target_method_param', 'imputation_regressor', 'transform_target_param', 'log_plots_param', 'fold_shuffle_param', 'target_param', 'data_before_preprocess'}
2023-01-23 21:55:27,754:INFO:Preparing display monitor
2023-01-23 21:55:27,754:INFO:Preparing display monitor
2023-01-23 21:55:27,771:INFO:Importing libraries
2023-01-23 21:55:27,771:INFO:Copying data for preprocessing
2023-01-23 21:55:27,795:INFO:Declaring preprocessing parameters
2023-01-23 21:55:27,817:INFO:Setting up iterative imputation
2023-01-23 21:55:28,095:INFO:Creating preprocessing pipeline
2023-01-23 21:55:28,268:INFO:Preprocessing pipeline created successfully
2023-01-23 21:55:28,269:ERROR:(Process Exit): setup has been interupted with user command 'quit'. setup must rerun.
2023-01-23 21:55:28,269:INFO:Creating global containers
2023-01-23 21:55:28,272:INFO:Internal pipeline: Pipeline(memory=None, steps=[('empty_step', 'passthrough')], verbose=False)
